<?xml version="1.0" encoding="utf-8"?><testsuites name="pytest tests"><testsuite name="pytest" errors="0" failures="1" skipped="0" tests="22" time="6.987" timestamp="2026-09-18T13:22:26.420143+00:00" hostname="agent-env-ddaa99d4-13ef-4900-a3c1-aa7b2a4b5e62"><testcase classname="tests.test_iteration3_features.TestDeadlines" name="test_create_client_specific_deadline" time="0.800" /><testcase classname="tests.test_iteration3_features.TestDeadlines" name="test_create_generic_expiry_deadline" time="0.098" /><testcase classname="tests.test_iteration3_features.TestDeadlines" name="test_list_deadlines_with_client_info" time="0.080" /><testcase classname="tests.test_iteration3_features.TestRecurring" name="test_create_recurring_monthly_and_autocreate_price" time="1.607" /><testcase classname="tests.test_iteration3_features.TestDeadlines" name="test_run_reminders_notifies_client" time="0.730" /><testcase classname="tests.test_iteration3_features.TestRecurring" name="test_create_recurring_invalid_frequency" time="0.094" /><testcase classname="tests.test_iteration3_features.TestRecurring" name="test_create_recurring_invalid_fy" time="0.068" /><testcase classname="tests.test_iteration3_features.TestDeadlines" name="test_run_reminders_idempotent_same_day" time="0.247" /><testcase classname="tests.test_iteration3_features.TestRecurring" name="test_run_creates_request_and_invoice_and_advances" time="0.381" /><testcase classname="tests.test_iteration3_features.TestDeadlines" name="test_soft_delete_deadline" time="0.148"><failure message="AssertionError: soft-deleted deadline must not appear in list&#10;assert '6aad3b13e3caba88573ada1a' not in {'6aad32d29bac2da2ebc38b6b', '6aad32d29bac2da2ebc38b6c', '6aad32d29bac2da2ebc38b6d', '6aad32d29bac2da2ebc38b6e', '6aad384958caa6b3fdc4ebb9', '6aad3ab4d514a746481aa11f', ...}&#10; +  where '6aad3b13e3caba88573ada1a' = TestDeadlines.generic_id">E   AssertionError: soft-deleted deadline must not appear in list
    assert '6aad3b13e3caba88573ada1a' not in {'6aad32d29bac2da2ebc38b6b', '6aad32d29bac2da2ebc38b6c', '6aad32d29bac2da2ebc38b6d', '6aad32d29bac2da2ebc38b6e', '6aad384958caa6b3fdc4ebb9', '6aad3ab4d514a746481aa11f', ...}
     +  where '6aad3b13e3caba88573ada1a' = TestDeadlines.generic_id</failure></testcase><testcase classname="tests.test_iteration3_features.TestInvoicePdf" name="test_client_unpaid_invoice_pdf" time="0.187" /><testcase classname="tests.test_iteration3_features.TestRecurring" name="test_pause_recurring_and_run_skips" time="0.361" /><testcase classname="tests.test_iteration3_features.TestInvoicePdf" name="test_client_paid_receipt_pdf" time="0.182" /><testcase classname="tests.test_iteration3_features.TestRecurring" name="test_list_recurring_has_client_info" time="0.259" /><testcase classname="tests.test_iteration3_features.TestRbac" name="test_client_forbidden_on_admin_endpoints" time="0.579" /><testcase classname="tests.test_iteration3_features.TestRbac" name="test_staff_lacks_manage_services_on_recurring_and_deadlines" time="0.433" /><testcase classname="tests.test_iteration3_features.TestInvoicePdf" name="test_client_b_cannot_fetch_a_invoice_pdf" time="1.322" /><testcase classname="tests.test_iteration3_features.TestRegression" name="test_create_request_402_without_price" time="0.083" /><testcase classname="tests.test_iteration3_features.TestRegression" name="test_upi_and_doc_unlock_flow" time="1.257" /><testcase classname="tests.test_iteration3_features.TestInvoicePdf" name="test_admin_pdf_with_manage_payments" time="0.479" /><testcase classname="tests.test_iteration3_features.TestInvoicePdf" name="test_admin_pdf_client_forbidden" time="0.213" /><testcase classname="tests.test_iteration3_features.TestBulkPricing" name="test_bulk_assign_to_multiple_clients" time="1.536" /></testsuite></testsuites>