<?xml version="1.0" encoding="utf-8"?><testsuites name="pytest tests"><testsuite name="pytest" errors="0" failures="0" skipped="1" tests="26" time="4.077" timestamp="2026-09-18T14:11:44.034536+00:00" hostname="agent-env-ddaa99d4-13ef-4900-a3c1-aa7b2a4b5e62"><testcase classname="tests.test_iteration5_security.TestAdminRegression" name="test_admin_allowed[/admin/stats]" time="1.003" /><testcase classname="tests.test_iteration5_security.TestAccountantPermissions" name="test_stats_forbidden" time="0.958" /><testcase classname="tests.test_iteration5_security.TestAccountantPermissions" name="test_audit_forbidden" time="0.046" /><testcase classname="tests.test_iteration5_security.TestAdminRegression" name="test_admin_allowed[/admin/audit]" time="0.038" /><testcase classname="tests.test_iteration5_security.TestAccountantPermissions" name="test_tickets_forbidden" time="0.079" /><testcase classname="tests.test_iteration5_security.TestAdminRegression" name="test_admin_allowed[/admin/tickets]" time="0.041" /><testcase classname="tests.test_iteration5_security.TestAdminRegression" name="test_admin_allowed[/admin/documents]" time="0.052" /><testcase classname="tests.test_iteration5_security.TestAccountantPermissions" name="test_documents_allowed" time="0.048" /><testcase classname="tests.test_iteration5_security.TestAccountantPermissions" name="test_requests_allowed" time="0.057" /><testcase classname="tests.test_iteration5_security.TestAdminRegression" name="test_admin_allowed[/admin/requests]" time="0.044" /><testcase classname="tests.test_iteration5_security.TestClientBlockedFromAdmin" name="test_client_forbidden[/admin/stats]" time="0.439" /><testcase classname="tests.test_iteration5_security.TestMalformedObjectId" name="test_admin_client_notanid_returns_404" time="0.471" /><testcase classname="tests.test_iteration5_security.TestClientBlockedFromAdmin" name="test_client_forbidden[/admin/audit]" time="0.043" /><testcase classname="tests.test_iteration5_security.TestClientBlockedFromAdmin" name="test_client_forbidden[/admin/tickets]" time="0.238" /><testcase classname="tests.test_iteration5_security.TestClientBlockedFromAdmin" name="test_client_forbidden[/admin/documents]" time="0.075" /><testcase classname="tests.test_iteration5_security.TestMalformedObjectId" name="test_client_request_xyz123_returns_404" time="0.316" /><testcase classname="tests.test_iteration5_security.TestClientBlockedFromAdmin" name="test_client_forbidden[/admin/requests]" time="0.079" /><testcase classname="tests.test_iteration5_security.TestMalformedObjectId" name="test_admin_payment_badid_status_returns_404" time="0.039" /><testcase classname="tests.test_iteration5_security.TestMalformedObjectId" name="test_no_endpoint_500s_on_malformed" time="0.510" /><testcase classname="tests.test_iteration5_security.TestSeedLogins" name="test_admin_login" time="0.232" /><testcase classname="tests.test_iteration5_security.TestSeedLogins" name="test_staff_login" time="0.236" /><testcase classname="tests.test_iteration5_security.TestSeedLogins" name="test_client_login" time="0.270" /><testcase classname="tests.test_iteration5_security.TestOTPRegression" name="test_forgot_password_no_dev_otp" time="0.597" /><testcase classname="tests.test_iteration5_security.TestPricingAndUnlock" name="test_create_request_402_without_price" time="0.161" /><testcase classname="tests.test_iteration5_security.TestPricingAndUnlock" name="test_payment_received_unlocks_documents" time="0.409"><skipped type="pytest.skip" message="upload failed 415: {&quot;detail&quot;:&quot;File type .txt is not allowed&quot;}">/app/backend/tests/test_iteration5_security.py:245: upload failed 415: {"detail":"File type .txt is not allowed"}</skipped></testcase><testcase classname="tests.test_iteration5_security.TestOTPRegression" name="test_register_otp_cannot_reset_password" time="0.625" /></testsuite></testsuites>