<?xml version="1.0" encoding="utf-8"?><testsuites name="pytest tests"><testsuite name="pytest" errors="0" failures="0" skipped="0" tests="21" time="15.776" timestamp="2026-09-18T13:02:48.168274+00:00" hostname="agent-env-ddaa99d4-13ef-4900-a3c1-aa7b2a4b5e62"><testcase classname="tests.test_pricing_upi.TestCatalogPriceHidden" name="test_catalog_list_hides_price" time="0.506" /><testcase classname="tests.test_pricing_upi.TestCatalogPriceHidden" name="test_catalog_detail_hides_price" time="0.100" /><testcase classname="tests.test_pricing_upi.TestClientPrice" name="test_itr_fy2627" time="0.074" /><testcase classname="tests.test_pricing_upi.TestClientPrice" name="test_itr_fy2526" time="0.066" /><testcase classname="tests.test_pricing_upi.TestClientPrice" name="test_unassigned" time="0.063" /><testcase classname="tests.test_pricing_upi.TestCreateRequestGating" name="test_no_price_402" time="0.170" /><testcase classname="tests.test_pricing_upi.TestCreateRequestGating" name="test_with_price_ok_and_snapshot" time="0.062" /><testcase classname="tests.test_pricing_upi.TestPriceSnapshot" name="test_snapshot_unchanged_after_admin_edit" time="0.746" /><testcase classname="tests.test_pricing_upi.TestUpiFlow" name="test_initiate_and_submit" time="0.311" /><testcase classname="tests.test_pricing_upi.TestUpiFlow" name="test_screenshot_upload_and_admin_view" time="0.322" /><testcase classname="tests.test_pricing_upi.TestAdminStatusControl" name="test_received_unlocks_then_relocks" time="1.495" /><testcase classname="tests.test_pricing_upi.TestAdminStatusControl" name="test_legacy_verify_endpoint" time="0.458" /><testcase classname="tests.test_pricing_upi.TestAdminPricingCrud" name="test_list_prices" time="0.088" /><testcase classname="tests.test_pricing_upi.TestAdminPricingCrud" name="test_set_edit_history" time="0.240" /><testcase classname="tests.test_pricing_upi.TestAdminPricingCrud" name="test_bulk_assign" time="0.075" /><testcase classname="tests.test_pricing_upi.TestFyScoping" name="test_paying_one_fy_doesnt_unlock_another" time="1.101" /><testcase classname="tests.test_pricing_upi.TestRbac" name="test_client_blocked_on_admin" time="0.128" /><testcase classname="tests.test_pricing_upi.TestRbac" name="test_staff_without_perm_blocked" time="0.399" /><testcase classname="tests.test_pricing_upi.TestIsolation" name="test_b_cannot_read_a_request" time="9.115" /><testcase classname="tests.test_pricing_upi.TestIsolation" name="test_b_cannot_get_a_screenshot" time="0.075" /><testcase classname="tests.test_pricing_upi.TestIsolation" name="test_b_price_shows_unassigned" time="0.091" /></testsuite></testsuites>