<?xml version="1.0" encoding="utf-8"?><testsuites name="pytest tests"><testsuite name="pytest" errors="0" failures="0" skipped="2" tests="32" time="10.600" timestamp="2026-09-18T12:24:49.902324+00:00" hostname="agent-env-ddaa99d4-13ef-4900-a3c1-aa7b2a4b5e62"><testcase classname="tests.test_taxman_backend" name="test_health" time="0.173" /><testcase classname="tests.test_taxman_backend.TestAuth" name="test_register_returns_dev_otp_and_verify" time="1.407" /><testcase classname="tests.test_taxman_backend.TestAuth" name="test_login_success" time="0.297" /><testcase classname="tests.test_taxman_backend.TestAuth" name="test_login_invalid_credentials" time="0.248" /><testcase classname="tests.test_taxman_backend.TestAuth" name="test_login_rate_limit" time="0.593" /><testcase classname="tests.test_taxman_backend.TestAuth" name="test_forgot_and_reset_password" time="1.038" /><testcase classname="tests.test_taxman_backend.TestAuth" name="test_me" time="0.406" /><testcase classname="tests.test_taxman_backend.TestClientIsolation" name="test_client_b_cannot_access_client_a_request" time="0.349" /><testcase classname="tests.test_taxman_backend.TestDocumentLock" name="test_locked_doc_returns_402" time="0.265" /><testcase classname="tests.test_taxman_backend.TestDocumentLock" name="test_paid_doc_returns_file_token_and_streams" time="0.075"><skipped type="pytest.skip" message="no unlocked doc found on paid request">/app/backend/tests/test_taxman_backend.py:180: no unlocked doc found on paid request</skipped></testcase><testcase classname="tests.test_taxman_backend.TestDocumentLock" name="test_file_token_cannot_be_used_cross_user" time="0.105"><skipped type="pytest.skip" message="no unlocked doc">/app/backend/tests/test_taxman_backend.py:197: no unlocked doc</skipped></testcase><testcase classname="tests.test_taxman_backend.TestUpiFlow" name="test_full_upi_verify_unlocks_documents" time="1.262" /><testcase classname="tests.test_taxman_backend.TestAdmin" name="test_stats" time="0.091" /><testcase classname="tests.test_taxman_backend.TestAdmin" name="test_clients_search" time="0.105" /><testcase classname="tests.test_taxman_backend.TestAdmin" name="test_payments_list_submitted" time="0.075" /><testcase classname="tests.test_taxman_backend.TestAdmin" name="test_reject_payment_flow" time="0.505" /><testcase classname="tests.test_taxman_backend.TestAdmin" name="test_document_review_and_unlock" time="0.643" /><testcase classname="tests.test_taxman_backend.TestAdmin" name="test_search" time="0.075" /><testcase classname="tests.test_taxman_backend.TestAdmin" name="test_catalog_create" time="0.096" /><testcase classname="tests.test_taxman_backend.TestAdmin" name="test_staff_create" time="0.366" /><testcase classname="tests.test_taxman_backend.TestAdmin" name="test_leads_create" time="0.052" /><testcase classname="tests.test_taxman_backend.TestAdmin" name="test_settings_get_put" time="0.182" /><testcase classname="tests.test_taxman_backend.TestAdmin" name="test_reports_csv" time="0.167" /><testcase classname="tests.test_taxman_backend.TestAdmin" name="test_audit" time="0.082" /><testcase classname="tests.test_taxman_backend.TestRbac" name="test_staff_cannot_create_staff" time="0.342" /><testcase classname="tests.test_taxman_backend.TestRbac" name="test_client_cannot_access_admin" time="0.328" /><testcase classname="tests.test_taxman_backend.TestRbac" name="test_staff_payment_permission_ok" time="0.094" /><testcase classname="tests.test_taxman_backend.TestCatalogAndUpload" name="test_catalog_seeded" time="0.073" /><testcase classname="tests.test_taxman_backend.TestCatalogAndUpload" name="test_upload_document_before_payment" time="0.257" /><testcase classname="tests.test_taxman_backend.TestCatalogAndUpload" name="test_replace_document" time="0.132" /><testcase classname="tests.test_taxman_backend.TestNotificationsTickets" name="test_notifications_flow" time="0.309" /><testcase classname="tests.test_taxman_backend.TestNotificationsTickets" name="test_ticket_create_and_reply" time="0.308" /></testsuite></testsuites>