<?xml version="1.0" encoding="utf-8"?><testsuites name="pytest tests"><testsuite name="pytest" errors="0" failures="0" skipped="1" tests="13" time="4.346" timestamp="2026-09-18T13:52:54.817991+00:00" hostname="agent-env-ddaa99d4-13ef-4900-a3c1-aa7b2a4b5e62"><testcase classname="tests.test_security_fixes.TestSeededLogins" name="test_demo_client_login" time="0.525" /><testcase classname="tests.test_security_fixes.TestSeededLogins" name="test_admin_login" time="0.501" /><testcase classname="tests.test_security_fixes.TestPermGatingStaff" name="test_accountant_patch_request_gating" time="1.085" /><testcase classname="tests.test_security_fixes.TestSeededLogins" name="test_staff_login" time="0.283" /><testcase classname="tests.test_security_fixes.TestPermGatingStaff" name="test_accountant_can_create_note" time="0.297" /><testcase classname="tests.test_security_fixes.TestForgotPasswordNoEcho" name="test_forgot_password_returns_200_no_otp_echo" time="0.578" /><testcase classname="tests.test_security_fixes.TestPermGatingStaff" name="test_accountant_can_create_lead" time="0.083" /><testcase classname="tests.test_security_fixes.TestPermGatingStaff" name="test_accountant_can_list_leads" time="0.158" /><testcase classname="tests.test_security_fixes.TestForgotPasswordNoEcho" name="test_forgot_password_unknown_email_still_200_no_leak" time="0.087" /><testcase classname="tests.test_security_fixes.TestPermGatingStaff" name="test_client_forbidden_on_admin_mutations" time="1.044" /><testcase classname="tests.test_security_fixes.TestOtpPurposeBinding" name="test_register_otp_cannot_reset_password" time="0.628" /><testcase classname="tests.test_security_fixes.TestRegisterVerifyLoginFlow" name="test_full_signup_flow" time="1.240" /><testcase classname="tests.test_security_fixes.TestPricingAndDocRegression" name="test_unpriced_request_returns_402" time="0.113"><skipped type="pytest.skip" message="no catalog services">/app/backend/tests/test_security_fixes.py:208: no catalog services</skipped></testcase></testsuite></testsuites>