<?xml version="1.0" encoding="utf-8"?><testsuites name="pytest tests"><testsuite name="pytest" errors="0" failures="0" skipped="0" tests="16" time="8.702" timestamp="2026-09-18T14:50:54.408791+00:00" hostname="agent-env-ddaa99d4-13ef-4900-a3c1-aa7b2a4b5e62"><testcase classname="tests.test_soft_delete.TestRbacAndMalformed" name="test_client_cannot_delete[/admin/clients/{id}]" time="1.567" /><testcase classname="tests.test_soft_delete.TestDeleteCatalog" name="test_delete_service_flow_and_rbac" time="2.137" /><testcase classname="tests.test_soft_delete.TestRbacAndMalformed" name="test_client_cannot_delete[/admin/catalog/{id}]" time="0.074" /><testcase classname="tests.test_soft_delete.TestRbacAndMalformed" name="test_client_cannot_delete[/admin/payments/{id}]" time="0.090" /><testcase classname="tests.test_soft_delete.TestRbacAndMalformed" name="test_client_cannot_delete[/admin/requests/{id}]" time="0.072" /><testcase classname="tests.test_soft_delete.TestRbacAndMalformed" name="test_client_cannot_delete[/admin/leads/{id}]" time="0.093" /><testcase classname="tests.test_soft_delete.TestRbacAndMalformed" name="test_malformed_id_returns_404_not_500[/admin/clients/not-an-id]" time="0.083" /><testcase classname="tests.test_soft_delete.TestRbacAndMalformed" name="test_malformed_id_returns_404_not_500[/admin/catalog/not-an-id]" time="0.109" /><testcase classname="tests.test_soft_delete.TestRbacAndMalformed" name="test_malformed_id_returns_404_not_500[/admin/payments/not-an-id]" time="0.149" /><testcase classname="tests.test_soft_delete.TestDeleteLead" name="test_delete_lead" time="0.325" /><testcase classname="tests.test_soft_delete.TestRbacAndMalformed" name="test_malformed_id_returns_404_not_500[/admin/requests/not-an-id]" time="0.138" /><testcase classname="tests.test_soft_delete.TestRbacAndMalformed" name="test_malformed_id_returns_404_not_500[/admin/leads/not-an-id]" time="0.134" /><testcase classname="tests.test_soft_delete.TestDeleteRequest" name="test_delete_request_cascades_and_stats" time="1.175" /><testcase classname="tests.test_soft_delete.TestDeletePayment" name="test_delete_verified_payment_relocks" time="3.802" /><testcase classname="tests.test_soft_delete.TestRegression" name="test_create_request_without_price_returns_402" time="0.447" /><testcase classname="tests.test_soft_delete.TestDeleteClient" name="test_delete_throwaway_client" time="2.064" /></testsuite></testsuites>